<?xml version="1.0" encoding="UTF-8"?>
<!-- Generated by org.testng.reporters.JUnitReportReporter -->
<testsuite hostname="Natasha" failures="0" tests="3" name="Bank.AuthTest" time="7.449" errors="0" timestamp="2020-07-19T16:34:13 GMT+03:00" skipped="0">
  <testcase classname="Bank.AuthTest" name="validData" time="1.541"/>
  <system-out/>
  <testcase classname="Bank.AuthTest" name="emptyFields" time="4.648"/>
  <system-out/>
  <testcase classname="Bank.AuthTest" name="fieldLoginIsEmpty" time="1.260"/>
  <system-out/>
</testsuite> <!-- Bank.AuthTest -->
